{"C:\\Users\\Yorih0\\Desktop\\е\\L_Shop\\server\\src\\app.ts": {"path":"C:\\Users\\Yorih0\\Desktop\\е\\L_Shop\\server\\src\\app.ts","statementMap":{"0":{"start":{"line":1,"column":0},"end":{"line":1,"column":30}},"1":{"start":{"line":2,"column":0},"end":{"line":2,"column":24}},"2":{"start":{"line":3,"column":0},"end":{"line":3,"column":45}},"3":{"start":{"line":4,"column":0},"end":{"line":4,"column":41}},"4":{"start":{"line":5,"column":0},"end":{"line":5,"column":51}},"5":{"start":{"line":6,"column":0},"end":{"line":6,"column":49}},"6":{"start":{"line":8,"column":12},"end":{"line":8,"column":21}},"7":{"start":{"line":9,"column":0},"end":{"line":9,"column":24}},"8":{"start":{"line":10,"column":0},"end":{"line":10,"column":24}},"9":{"start":{"line":12,"column":0},"end":{"line":15,"column":4}},"10":{"start":{"line":17,"column":0},"end":{"line":17,"column":34}},"11":{"start":{"line":18,"column":0},"end":{"line":18,"column":40}},"12":{"start":{"line":19,"column":0},"end":{"line":19,"column":37}},"13":{"start":{"line":21,"column":0},"end":{"line":21,"column":19}}},"fnMap":{},"branchMap":{},"s":{"0":3,"1":3,"2":3,"3":3,"4":3,"5":3,"6":3,"7":3,"8":3,"9":3,"10":3,"11":3,"12":3,"13":3},"f":{},"b":{}}
,"C:\\Users\\Yorih0\\Desktop\\е\\L_Shop\\server\\src\\__tests__\\test-utils.ts": {"path":"C:\\Users\\Yorih0\\Desktop\\е\\L_Shop\\server\\src\\__tests__\\test-utils.ts","statementMap":{"0":{"start":{"line":1,"column":0},"end":{"line":1,"column":20}},"1":{"start":{"line":2,"column":0},"end":{"line":2,"column":24}},"2":{"start":{"line":4,"column":20},"end":{"line":4,"column":52}},"3":{"start":{"line":5,"column":14},"end":{"line":5,"column":46}},"4":{"start":{"line":7,"column":23},"end":{"line":28,"column":1}},"5":{"start":{"line":9,"column":2},"end":{"line":9,"column":70}},"6":{"start":{"line":9,"column":29},"end":{"line":9,"column":70}},"7":{"start":{"line":11,"column":40},"end":{"line":15,"column":4}},"8":{"start":{"line":17,"column":2},"end":{"line":27,"column":3}},"9":{"start":{"line":18,"column":16},"end":{"line":18,"column":51}},"10":{"start":{"line":19,"column":17},"end":{"line":19,"column":41}},"11":{"start":{"line":20,"column":4},"end":{"line":26,"column":5}},"12":{"start":{"line":21,"column":6},"end":{"line":21,"column":33}},"13":{"start":{"line":24,"column":6},"end":{"line":25,"column":48}},"14":{"start":{"line":24,"column":40},"end":{"line":24,"column":87}},"15":{"start":{"line":25,"column":11},"end":{"line":25,"column":48}},"16":{"start":{"line":7,"column":13},"end":{"line":7,"column":23}},"17":{"start":{"line":30,"column":22},"end":{"line":34,"column":1}},"18":{"start":{"line":31,"column":12},"end":{"line":31,"column":34}},"19":{"start":{"line":32,"column":2},"end":{"line":32,"column":37}},"20":{"start":{"line":32,"column":25},"end":{"line":32,"column":37}},"21":{"start":{"line":33,"column":2},"end":{"line":33,"column":36}},"22":{"start":{"line":30,"column":13},"end":{"line":30,"column":22}}},"fnMap":{"0":{"name":"(anonymous_1)","decl":{"start":{"line":7,"column":23},"end":{"line":7,"column":26}},"loc":{"start":{"line":7,"column":28},"end":{"line":28,"column":1}}},"1":{"name":"(anonymous_2)","decl":{"start":{"line":30,"column":22},"end":{"line":30,"column":23}},"loc":{"start":{"line":30,"column":39},"end":{"line":34,"column":1}}}},"branchMap":{"0":{"loc":{"start":{"line":9,"column":2},"end":{"line":9,"column":70}},"type":"if","locations":[{"start":{"line":9,"column":2},"end":{"line":9,"column":70}}]},"1":{"loc":{"start":{"line":20,"column":4},"end":{"line":26,"column":5}},"type":"if","locations":[{"start":{"line":20,"column":4},"end":{"line":26,"column":5}},{"start":{"line":22,"column":11},"end":{"line":26,"column":5}}]},"2":{"loc":{"start":{"line":24,"column":6},"end":{"line":25,"column":48}},"type":"if","locations":[{"start":{"line":24,"column":6},"end":{"line":25,"column":48}},{"start":{"line":25,"column":11},"end":{"line":25,"column":48}}]},"3":{"loc":{"start":{"line":32,"column":2},"end":{"line":32,"column":37}},"type":"if","locations":[{"start":{"line":32,"column":2},"end":{"line":32,"column":37}}]}},"s":{"0":5,"1":5,"2":5,"3":5,"4":5,"5":25,"6":0,"7":25,"8":25,"9":75,"10":75,"11":75,"12":75,"13":0,"14":0,"15":0,"16":5,"17":5,"18":5,"19":5,"20":0,"21":5,"22":5},"f":{"0":25,"1":5},"b":{"0":[0],"1":[75,0],"2":[0,0],"3":[0]}}
,"C:\\Users\\Yorih0\\Desktop\\е\\L_Shop\\server\\src\\controllers\\basketController.ts": {"path":"C:\\Users\\Yorih0\\Desktop\\е\\L_Shop\\server\\src\\controllers\\basketController.ts","statementMap":{"0":{"start":{"line":2,"column":0},"end":{"line":2,"column":58}},"1":{"start":{"line":4,"column":13},"end":{"line":25,"column":2}},"2":{"start":{"line":6,"column":19},"end":{"line":6,"column":44}},"3":{"start":{"line":7,"column":4},"end":{"line":12,"column":5}},"4":{"start":{"line":8,"column":21},"end":{"line":8,"column":52}},"5":{"start":{"line":9,"column":6},"end":{"line":9,"column":23}},"6":{"start":{"line":11,"column":6},"end":{"line":11,"column":53}},"7":{"start":{"line":16,"column":19},"end":{"line":16,"column":44}},"8":{"start":{"line":17,"column":26},"end":{"line":17,"column":34}},"9":{"start":{"line":18,"column":4},"end":{"line":23,"column":5}},"10":{"start":{"line":19,"column":21},"end":{"line":19,"column":67}},"11":{"start":{"line":20,"column":6},"end":{"line":20,"column":23}},"12":{"start":{"line":22,"column":6},"end":{"line":22,"column":53}}},"fnMap":{"0":{"name":"(anonymous_0)","decl":{"start":{"line":5,"column":13},"end":{"line":5,"column":14}},"loc":{"start":{"line":5,"column":45},"end":{"line":13,"column":3}}},"1":{"name":"(anonymous_1)","decl":{"start":{"line":15,"column":16},"end":{"line":15,"column":17}},"loc":{"start":{"line":15,"column":48},"end":{"line":24,"column":3}}}},"branchMap":{},"s":{"0":3,"1":3,"2":2,"3":2,"4":2,"5":2,"6":0,"7":1,"8":1,"9":1,"10":1,"11":1,"12":0},"f":{"0":2,"1":1},"b":{}}
,"C:\\Users\\Yorih0\\Desktop\\е\\L_Shop\\server\\src\\controllers\\productController.ts": {"path":"C:\\Users\\Yorih0\\Desktop\\е\\L_Shop\\server\\src\\controllers\\productController.ts","statementMap":{"0":{"start":{"line":2,"column":0},"end":{"line":2,"column":60}},"1":{"start":{"line":5,"column":27},"end":{"line":20,"column":1}},"2":{"start":{"line":6,"column":2},"end":{"line":19,"column":3}},"3":{"start":{"line":7,"column":37},"end":{"line":7,"column":46}},"4":{"start":{"line":9,"column":21},"end":{"line":12,"column":null}},"5":{"start":{"line":15,"column":4},"end":{"line":15,"column":23}},"6":{"start":{"line":17,"column":4},"end":{"line":17,"column":50}},"7":{"start":{"line":18,"column":4},"end":{"line":18,"column":54}},"8":{"start":{"line":5,"column":13},"end":{"line":5,"column":27}},"9":{"start":{"line":22,"column":29},"end":{"line":36,"column":1}},"10":{"start":{"line":23,"column":2},"end":{"line":35,"column":3}},"11":{"start":{"line":24,"column":19},"end":{"line":24,"column":28}},"12":{"start":{"line":26,"column":21},"end":{"line":27,"column":null}},"13":{"start":{"line":30,"column":4},"end":{"line":30,"column":23}},"14":{"start":{"line":33,"column":4},"end":{"line":33,"column":52}},"15":{"start":{"line":34,"column":4},"end":{"line":34,"column":54}},"16":{"start":{"line":22,"column":13},"end":{"line":22,"column":29}},"17":{"start":{"line":38,"column":34},"end":{"line":49,"column":1}},"18":{"start":{"line":39,"column":2},"end":{"line":48,"column":3}},"19":{"start":{"line":40,"column":21},"end":{"line":40,"column":29}},"20":{"start":{"line":42,"column":21},"end":{"line":42,"column":64}},"21":{"start":{"line":44,"column":4},"end":{"line":44,"column":23}},"22":{"start":{"line":46,"column":4},"end":{"line":46,"column":49}},"23":{"start":{"line":47,"column":4},"end":{"line":47,"column":54}},"24":{"start":{"line":38,"column":13},"end":{"line":38,"column":34}},"25":{"start":{"line":51,"column":29},"end":{"line":70,"column":1}},"26":{"start":{"line":52,"column":2},"end":{"line":69,"column":3}},"27":{"start":{"line":53,"column":67},"end":{"line":53,"column":75}},"28":{"start":{"line":55,"column":23},"end":{"line":62,"column":6}},"29":{"start":{"line":64,"column":4},"end":{"line":64,"column":37}},"30":{"start":{"line":67,"column":4},"end":{"line":67,"column":45}},"31":{"start":{"line":68,"column":4},"end":{"line":68,"column":54}},"32":{"start":{"line":51,"column":13},"end":{"line":51,"column":29}},"33":{"start":{"line":73,"column":27},"end":{"line":86,"column":1}},"34":{"start":{"line":74,"column":2},"end":{"line":85,"column":3}},"35":{"start":{"line":75,"column":19},"end":{"line":75,"column":29}},"36":{"start":{"line":76,"column":33},"end":{"line":76,"column":41}},"37":{"start":{"line":78,"column":20},"end":{"line":78,"column":71}},"38":{"start":{"line":80,"column":4},"end":{"line":80,"column":22}},"39":{"start":{"line":83,"column":4},"end":{"line":83,"column":51}},"40":{"start":{"line":84,"column":4},"end":{"line":84,"column":54}},"41":{"start":{"line":73,"column":13},"end":{"line":73,"column":27}},"42":{"start":{"line":89,"column":29},"end":{"line":101,"column":1}},"43":{"start":{"line":90,"column":2},"end":{"line":100,"column":3}},"44":{"start":{"line":91,"column":19},"end":{"line":91,"column":29}},"45":{"start":{"line":93,"column":19},"end":{"line":93,"column":59}},"46":{"start":{"line":95,"column":4},"end":{"line":95,"column":47}},"47":{"start":{"line":98,"column":4},"end":{"line":98,"column":45}},"48":{"start":{"line":99,"column":4},"end":{"line":99,"column":54}},"49":{"start":{"line":89,"column":13},"end":{"line":89,"column":29}}},"fnMap":{"0":{"name":"(anonymous_0)","decl":{"start":{"line":5,"column":27},"end":{"line":5,"column":28}},"loc":{"start":{"line":5,"column":59},"end":{"line":20,"column":1}}},"1":{"name":"(anonymous_1)","decl":{"start":{"line":22,"column":29},"end":{"line":22,"column":30}},"loc":{"start":{"line":22,"column":61},"end":{"line":36,"column":1}}},"2":{"name":"(anonymous_2)","decl":{"start":{"line":38,"column":34},"end":{"line":38,"column":35}},"loc":{"start":{"line":38,"column":66},"end":{"line":49,"column":1}}},"3":{"name":"(anonymous_3)","decl":{"start":{"line":51,"column":29},"end":{"line":51,"column":30}},"loc":{"start":{"line":51,"column":61},"end":{"line":70,"column":1}}},"4":{"name":"(anonymous_4)","decl":{"start":{"line":73,"column":27},"end":{"line":73,"column":28}},"loc":{"start":{"line":73,"column":59},"end":{"line":86,"column":1}}},"5":{"name":"(anonymous_5)","decl":{"start":{"line":89,"column":29},"end":{"line":89,"column":30}},"loc":{"start":{"line":89,"column":61},"end":{"line":101,"column":1}}}},"branchMap":{},"s":{"0":3,"1":3,"2":4,"3":4,"4":4,"5":4,"6":0,"7":0,"8":3,"9":3,"10":0,"11":0,"12":0,"13":0,"14":0,"15":0,"16":3,"17":3,"18":0,"19":0,"20":0,"21":0,"22":0,"23":0,"24":3,"25":3,"26":0,"27":0,"28":0,"29":0,"30":0,"31":0,"32":3,"33":3,"34":0,"35":0,"36":0,"37":0,"38":0,"39":0,"40":0,"41":3,"42":3,"43":0,"44":0,"45":0,"46":0,"47":0,"48":0,"49":3},"f":{"0":4,"1":0,"2":0,"3":0,"4":0,"5":0},"b":{}}
,"C:\\Users\\Yorih0\\Desktop\\е\\L_Shop\\server\\src\\controllers\\userController.ts": {"path":"C:\\Users\\Yorih0\\Desktop\\е\\L_Shop\\server\\src\\controllers\\userController.ts","statementMap":{"0":{"start":{"line":2,"column":0},"end":{"line":2,"column":109}},"1":{"start":{"line":4,"column":0},"end":{"line":4,"column":31}},"2":{"start":{"line":7,"column":24},"end":{"line":61,"column":1}},"3":{"start":{"line":8,"column":4},"end":{"line":60,"column":5}},"4":{"start":{"line":9,"column":76},"end":{"line":9,"column":84}},"5":{"start":{"line":11,"column":8},"end":{"line":14,"column":9}},"6":{"start":{"line":12,"column":12},"end":{"line":12,"column":85}},"7":{"start":{"line":13,"column":12},"end":{"line":13,"column":19}},"8":{"start":{"line":15,"column":8},"end":{"line":18,"column":9}},"9":{"start":{"line":16,"column":12},"end":{"line":16,"column":69}},"10":{"start":{"line":17,"column":12},"end":{"line":17,"column":19}},"11":{"start":{"line":19,"column":8},"end":{"line":22,"column":9}},"12":{"start":{"line":20,"column":12},"end":{"line":20,"column":92}},"13":{"start":{"line":21,"column":12},"end":{"line":21,"column":19}},"14":{"start":{"line":23,"column":29},"end":{"line":23,"column":57}},"15":{"start":{"line":24,"column":8},"end":{"line":27,"column":9}},"16":{"start":{"line":25,"column":12},"end":{"line":25,"column":93}},"17":{"start":{"line":26,"column":12},"end":{"line":26,"column":19}},"18":{"start":{"line":28,"column":27},"end":{"line":28,"column":54}},"19":{"start":{"line":29,"column":8},"end":{"line":32,"column":9}},"20":{"start":{"line":30,"column":12},"end":{"line":30,"column":106}},"21":{"start":{"line":31,"column":12},"end":{"line":31,"column":19}},"22":{"start":{"line":34,"column":24},"end":{"line":34,"column":84}},"23":{"start":{"line":36,"column":22},"end":{"line":44,"column":null}},"24":{"start":{"line":47,"column":8},"end":{"line":52,"column":11}},"25":{"start":{"line":54,"column":8},"end":{"line":56,"column":11}},"26":{"start":{"line":58,"column":8},"end":{"line":58,"column":48}},"27":{"start":{"line":59,"column":8},"end":{"line":59,"column":68}},"28":{"start":{"line":7,"column":13},"end":{"line":7,"column":24}},"29":{"start":{"line":63,"column":21},"end":{"line":101,"column":1}},"30":{"start":{"line":64,"column":4},"end":{"line":100,"column":5}},"31":{"start":{"line":65,"column":50},"end":{"line":65,"column":58}},"32":{"start":{"line":67,"column":8},"end":{"line":70,"column":9}},"33":{"start":{"line":68,"column":12},"end":{"line":68,"column":76}},"34":{"start":{"line":69,"column":12},"end":{"line":69,"column":19}},"35":{"start":{"line":72,"column":21},"end":{"line":72,"column":56}},"36":{"start":{"line":74,"column":8},"end":{"line":77,"column":9}},"37":{"start":{"line":75,"column":12},"end":{"line":75,"column":75}},"38":{"start":{"line":76,"column":12},"end":{"line":76,"column":19}},"39":{"start":{"line":79,"column":22},"end":{"line":87,"column":null}},"40":{"start":{"line":90,"column":8},"end":{"line":95,"column":11}},"41":{"start":{"line":96,"column":8},"end":{"line":96,"column":55}},"42":{"start":{"line":98,"column":8},"end":{"line":98,"column":45}},"43":{"start":{"line":99,"column":8},"end":{"line":99,"column":62}},"44":{"start":{"line":63,"column":13},"end":{"line":63,"column":21}},"45":{"start":{"line":103,"column":21},"end":{"line":123,"column":1}},"46":{"start":{"line":104,"column":18},"end":{"line":104,"column":37}},"47":{"start":{"line":106,"column":4},"end":{"line":109,"column":5}},"48":{"start":{"line":107,"column":8},"end":{"line":107,"column":61}},"49":{"start":{"line":108,"column":8},"end":{"line":108,"column":15}},"50":{"start":{"line":111,"column":4},"end":{"line":122,"column":5}},"51":{"start":{"line":112,"column":24},"end":{"line":112,"column":63}},"52":{"start":{"line":114,"column":8},"end":{"line":119,"column":11}},"53":{"start":{"line":121,"column":8},"end":{"line":121,"column":57}},"54":{"start":{"line":103,"column":13},"end":{"line":103,"column":21}},"55":{"start":{"line":125,"column":22},"end":{"line":134,"column":1}},"56":{"start":{"line":126,"column":2},"end":{"line":131,"column":5}},"57":{"start":{"line":133,"column":2},"end":{"line":133,"column":50}},"58":{"start":{"line":125,"column":13},"end":{"line":125,"column":22}},"59":{"start":{"line":136,"column":24},"end":{"line":144,"column":1}},"60":{"start":{"line":137,"column":2},"end":{"line":143,"column":3}},"61":{"start":{"line":138,"column":15},"end":{"line":138,"column":29}},"62":{"start":{"line":139,"column":4},"end":{"line":139,"column":23}},"63":{"start":{"line":141,"column":4},"end":{"line":141,"column":64}},"64":{"start":{"line":142,"column":4},"end":{"line":142,"column":56}},"65":{"start":{"line":136,"column":13},"end":{"line":136,"column":24}},"66":{"start":{"line":146,"column":23},"end":{"line":165,"column":1}},"67":{"start":{"line":147,"column":4},"end":{"line":164,"column":5}},"68":{"start":{"line":148,"column":23},"end":{"line":148,"column":44}},"69":{"start":{"line":149,"column":23},"end":{"line":149,"column":31}},"70":{"start":{"line":150,"column":8},"end":{"line":152,"column":9}},"71":{"start":{"line":151,"column":12},"end":{"line":151,"column":null}},"72":{"start":{"line":153,"column":21},"end":{"line":153,"column":56}},"73":{"start":{"line":155,"column":8},"end":{"line":158,"column":9}},"74":{"start":{"line":156,"column":12},"end":{"line":156,"column":69}},"75":{"start":{"line":157,"column":12},"end":{"line":157,"column":19}},"76":{"start":{"line":160,"column":8},"end":{"line":160,"column":67}},"77":{"start":{"line":162,"column":8},"end":{"line":162,"column":68}},"78":{"start":{"line":163,"column":8},"end":{"line":163,"column":58}},"79":{"start":{"line":146,"column":13},"end":{"line":146,"column":23}}},"fnMap":{"0":{"name":"(anonymous_1)","decl":{"start":{"line":7,"column":24},"end":{"line":7,"column":29}},"loc":{"start":{"line":7,"column":77},"end":{"line":61,"column":1}}},"1":{"name":"(anonymous_2)","decl":{"start":{"line":63,"column":21},"end":{"line":63,"column":26}},"loc":{"start":{"line":63,"column":74},"end":{"line":101,"column":1}}},"2":{"name":"(anonymous_3)","decl":{"start":{"line":103,"column":21},"end":{"line":103,"column":26}},"loc":{"start":{"line":103,"column":74},"end":{"line":123,"column":1}}},"3":{"name":"(anonymous_4)","decl":{"start":{"line":125,"column":22},"end":{"line":125,"column":27}},"loc":{"start":{"line":125,"column":75},"end":{"line":134,"column":1}}},"4":{"name":"(anonymous_5)","decl":{"start":{"line":136,"column":24},"end":{"line":136,"column":29}},"loc":{"start":{"line":136,"column":77},"end":{"line":144,"column":1}}},"5":{"name":"(anonymous_6)","decl":{"start":{"line":146,"column":23},"end":{"line":146,"column":28}},"loc":{"start":{"line":146,"column":74},"end":{"line":165,"column":1}}}},"branchMap":{"0":{"loc":{"start":{"line":11,"column":8},"end":{"line":14,"column":9}},"type":"if","locations":[{"start":{"line":11,"column":8},"end":{"line":14,"column":9}}]},"1":{"loc":{"start":{"line":11,"column":12},"end":{"line":11,"column":60}},"type":"binary-expr","locations":[{"start":{"line":11,"column":12},"end":{"line":11,"column":18}},{"start":{"line":11,"column":22},"end":{"line":11,"column":31}},{"start":{"line":11,"column":35},"end":{"line":11,"column":50}},{"start":{"line":11,"column":54},"end":{"line":11,"column":60}}]},"2":{"loc":{"start":{"line":15,"column":8},"end":{"line":18,"column":9}},"type":"if","locations":[{"start":{"line":15,"column":8},"end":{"line":18,"column":9}}]},"3":{"loc":{"start":{"line":19,"column":8},"end":{"line":22,"column":9}},"type":"if","locations":[{"start":{"line":19,"column":8},"end":{"line":22,"column":9}}]},"4":{"loc":{"start":{"line":24,"column":8},"end":{"line":27,"column":9}},"type":"if","locations":[{"start":{"line":24,"column":8},"end":{"line":27,"column":9}}]},"5":{"loc":{"start":{"line":29,"column":8},"end":{"line":32,"column":9}},"type":"if","locations":[{"start":{"line":29,"column":8},"end":{"line":32,"column":9}}]},"6":{"loc":{"start":{"line":67,"column":8},"end":{"line":70,"column":9}},"type":"if","locations":[{"start":{"line":67,"column":8},"end":{"line":70,"column":9}}]},"7":{"loc":{"start":{"line":67,"column":12},"end":{"line":67,"column":31}},"type":"binary-expr","locations":[{"start":{"line":67,"column":12},"end":{"line":67,"column":18}},{"start":{"line":67,"column":22},"end":{"line":67,"column":31}}]},"8":{"loc":{"start":{"line":74,"column":8},"end":{"line":77,"column":9}},"type":"if","locations":[{"start":{"line":74,"column":8},"end":{"line":77,"column":9}}]},"9":{"loc":{"start":{"line":106,"column":4},"end":{"line":109,"column":5}},"type":"if","locations":[{"start":{"line":106,"column":4},"end":{"line":109,"column":5}}]},"10":{"loc":{"start":{"line":150,"column":8},"end":{"line":152,"column":9}},"type":"if","locations":[{"start":{"line":150,"column":8},"end":{"line":152,"column":9}}]},"11":{"loc":{"start":{"line":155,"column":8},"end":{"line":158,"column":9}},"type":"if","locations":[{"start":{"line":155,"column":8},"end":{"line":158,"column":9}}]}},"s":{"0":3,"1":3,"2":3,"3":5,"4":5,"5":5,"6":1,"7":1,"8":4,"9":1,"10":1,"11":3,"12":0,"13":0,"14":3,"15":3,"16":1,"17":1,"18":2,"19":2,"20":1,"21":1,"22":1,"23":1,"24":1,"25":1,"26":0,"27":0,"28":3,"29":3,"30":4,"31":4,"32":4,"33":1,"34":1,"35":3,"36":3,"37":1,"38":1,"39":2,"40":2,"41":2,"42":0,"43":0,"44":3,"45":3,"46":2,"47":2,"48":1,"49":1,"50":1,"51":1,"52":1,"53":0,"54":3,"55":3,"56":0,"57":0,"58":3,"59":3,"60":0,"61":0,"62":0,"63":0,"64":0,"65":3,"66":3,"67":0,"68":0,"69":0,"70":0,"71":0,"72":0,"73":0,"74":0,"75":0,"76":0,"77":0,"78":0,"79":3},"f":{"0":5,"1":4,"2":2,"3":0,"4":0,"5":0},"b":{"0":[1],"1":[5,5,4,4],"2":[1],"3":[0],"4":[1],"5":[1],"6":[1],"7":[4,3],"8":[1],"9":[1],"10":[0],"11":[0]}}
,"C:\\Users\\Yorih0\\Desktop\\е\\L_Shop\\server\\src\\routes\\basketRoutes.ts": {"path":"C:\\Users\\Yorih0\\Desktop\\е\\L_Shop\\server\\src\\routes\\basketRoutes.ts","statementMap":{"0":{"start":{"line":1,"column":0},"end":{"line":1,"column":33}},"1":{"start":{"line":2,"column":0},"end":{"line":2,"column":67}},"2":{"start":{"line":4,"column":15},"end":{"line":4,"column":23}},"3":{"start":{"line":6,"column":0},"end":{"line":6,"column":51}},"4":{"start":{"line":7,"column":0},"end":{"line":7,"column":62}},"5":{"start":{"line":9,"column":0},"end":{"line":9,"column":22}}},"fnMap":{},"branchMap":{},"s":{"0":3,"1":3,"2":3,"3":3,"4":3,"5":3},"f":{},"b":{}}
,"C:\\Users\\Yorih0\\Desktop\\е\\L_Shop\\server\\src\\routes\\productRoutes.ts": {"path":"C:\\Users\\Yorih0\\Desktop\\е\\L_Shop\\server\\src\\routes\\productRoutes.ts","statementMap":{"0":{"start":{"line":1,"column":0},"end":{"line":1,"column":33}},"1":{"start":{"line":2,"column":0},"end":{"line":2,"column":136}},"2":{"start":{"line":4,"column":16},"end":{"line":4,"column":24}},"3":{"start":{"line":6,"column":0},"end":{"line":6,"column":null}},"4":{"start":{"line":7,"column":0},"end":{"line":7,"column":null}},"5":{"start":{"line":9,"column":0},"end":{"line":9,"column":null}},"6":{"start":{"line":10,"column":0},"end":{"line":10,"column":null}},"7":{"start":{"line":13,"column":0},"end":{"line":13,"column":null}},"8":{"start":{"line":15,"column":0},"end":{"line":15,"column":null}},"9":{"start":{"line":17,"column":0},"end":{"line":17,"column":null}}},"fnMap":{},"branchMap":{},"s":{"0":3,"1":3,"2":3,"3":3,"4":3,"5":3,"6":3,"7":3,"8":3,"9":3},"f":{},"b":{}}
,"C:\\Users\\Yorih0\\Desktop\\е\\L_Shop\\server\\src\\routes\\userRoutes.ts": {"path":"C:\\Users\\Yorih0\\Desktop\\е\\L_Shop\\server\\src\\routes\\userRoutes.ts","statementMap":{"0":{"start":{"line":1,"column":0},"end":{"line":1,"column":33}},"1":{"start":{"line":2,"column":0},"end":{"line":2,"column":94}},"2":{"start":{"line":4,"column":15},"end":{"line":4,"column":23}},"3":{"start":{"line":6,"column":0},"end":{"line":6,"column":24}},"4":{"start":{"line":8,"column":0},"end":{"line":8,"column":35}},"5":{"start":{"line":9,"column":0},"end":{"line":9,"column":29}},"6":{"start":{"line":10,"column":0},"end":{"line":10,"column":null}},"7":{"start":{"line":11,"column":0},"end":{"line":11,"column":null}},"8":{"start":{"line":13,"column":0},"end":{"line":13,"column":null}},"9":{"start":{"line":15,"column":0},"end":{"line":15,"column":22}}},"fnMap":{},"branchMap":{},"s":{"0":3,"1":3,"2":3,"3":3,"4":3,"5":3,"6":3,"7":3,"8":3,"9":3},"f":{},"b":{}}
,"C:\\Users\\Yorih0\\Desktop\\е\\L_Shop\\server\\src\\services\\basketService.ts": {"path":"C:\\Users\\Yorih0\\Desktop\\е\\L_Shop\\server\\src\\services\\basketService.ts","statementMap":{"0":{"start":{"line":2,"column":0},"end":{"line":2,"column":20}},"1":{"start":{"line":3,"column":0},"end":{"line":3,"column":24}},"2":{"start":{"line":5,"column":14},"end":{"line":5,"column":43}},"3":{"start":{"line":6,"column":15},"end":{"line":6,"column":47}},"4":{"start":{"line":8,"column":0},"end":{"line":10,"column":1}},"5":{"start":{"line":9,"column":2},"end":{"line":9,"column":43}},"6":{"start":{"line":12,"column":15},"end":{"line":24,"column":1}},"7":{"start":{"line":13,"column":2},"end":{"line":16,"column":3}},"8":{"start":{"line":14,"column":4},"end":{"line":14,"column":16}},"9":{"start":{"line":15,"column":4},"end":{"line":15,"column":14}},"10":{"start":{"line":17,"column":2},"end":{"line":23,"column":3}},"11":{"start":{"line":18,"column":17},"end":{"line":18,"column":49}},"12":{"start":{"line":19,"column":4},"end":{"line":19,"column":40}},"13":{"start":{"line":21,"column":4},"end":{"line":21,"column":54}},"14":{"start":{"line":22,"column":4},"end":{"line":22,"column":14}},"15":{"start":{"line":26,"column":16},"end":{"line":33,"column":1}},"16":{"start":{"line":27,"column":2},"end":{"line":32,"column":3}},"17":{"start":{"line":28,"column":4},"end":{"line":28,"column":69}},"18":{"start":{"line":30,"column":4},"end":{"line":30,"column":54}},"19":{"start":{"line":31,"column":4},"end":{"line":31,"column":50}},"20":{"start":{"line":35,"column":13},"end":{"line":56,"column":2}},"21":{"start":{"line":37,"column":20},"end":{"line":37,"column":28}},"22":{"start":{"line":38,"column":23},"end":{"line":38,"column":62}},"23":{"start":{"line":38,"column":41},"end":{"line":38,"column":61}},"24":{"start":{"line":39,"column":4},"end":{"line":39,"column":47}},"25":{"start":{"line":43,"column":20},"end":{"line":43,"column":28}},"26":{"start":{"line":44,"column":21},"end":{"line":44,"column":60}},"27":{"start":{"line":44,"column":39},"end":{"line":44,"column":59}},"28":{"start":{"line":46,"column":4},"end":{"line":51,"column":5}},"29":{"start":{"line":47,"column":21},"end":{"line":47,"column":59}},"30":{"start":{"line":48,"column":6},"end":{"line":48,"column":27}},"31":{"start":{"line":50,"column":6},"end":{"line":50,"column":36}},"32":{"start":{"line":53,"column":4},"end":{"line":53,"column":21}},"33":{"start":{"line":54,"column":4},"end":{"line":54,"column":21}}},"fnMap":{"0":{"name":"(anonymous_1)","decl":{"start":{"line":12,"column":15},"end":{"line":12,"column":28}},"loc":{"start":{"line":12,"column":30},"end":{"line":24,"column":1}}},"1":{"name":"(anonymous_2)","decl":{"start":{"line":26,"column":16},"end":{"line":26,"column":17}},"loc":{"start":{"line":26,"column":35},"end":{"line":33,"column":1}}},"2":{"name":"(anonymous_3)","decl":{"start":{"line":36,"column":13},"end":{"line":36,"column":14}},"loc":{"start":{"line":36,"column":46},"end":{"line":40,"column":3}}},"3":{"name":"(anonymous_4)","decl":{"start":{"line":38,"column":36},"end":{"line":38,"column":37}},"loc":{"start":{"line":38,"column":41},"end":{"line":38,"column":61}}},"4":{"name":"(anonymous_5)","decl":{"start":{"line":42,"column":13},"end":{"line":42,"column":14}},"loc":{"start":{"line":42,"column":71},"end":{"line":55,"column":3}}},"5":{"name":"(anonymous_6)","decl":{"start":{"line":44,"column":34},"end":{"line":44,"column":35}},"loc":{"start":{"line":44,"column":39},"end":{"line":44,"column":59}}}},"branchMap":{"0":{"loc":{"start":{"line":8,"column":0},"end":{"line":10,"column":1}},"type":"if","locations":[{"start":{"line":8,"column":0},"end":{"line":10,"column":1}}]},"1":{"loc":{"start":{"line":13,"column":2},"end":{"line":16,"column":3}},"type":"if","locations":[{"start":{"line":13,"column":2},"end":{"line":16,"column":3}}]},"2":{"loc":{"start":{"line":39,"column":11},"end":{"line":39,"column":46}},"type":"cond-expr","locations":[{"start":{"line":39,"column":24},"end":{"line":39,"column":41}},{"start":{"line":39,"column":44},"end":{"line":39,"column":46}}]},"3":{"loc":{"start":{"line":46,"column":4},"end":{"line":51,"column":5}},"type":"if","locations":[{"start":{"line":46,"column":4},"end":{"line":51,"column":5}},{"start":{"line":49,"column":11},"end":{"line":51,"column":5}}]}},"s":{"0":4,"1":4,"2":4,"3":4,"4":4,"5":0,"6":4,"7":6,"8":0,"9":0,"10":6,"11":6,"12":6,"13":0,"14":0,"15":4,"16":2,"17":2,"18":0,"19":0,"20":4,"21":4,"22":4,"23":4,"24":4,"25":2,"26":2,"27":2,"28":2,"29":2,"30":2,"31":0,"32":2,"33":2},"f":{"0":6,"1":2,"2":4,"3":4,"4":2,"5":2},"b":{"0":[0],"1":[0],"2":[2,2],"3":[2,0]}}
,"C:\\Users\\Yorih0\\Desktop\\е\\L_Shop\\server\\src\\services\\productService.ts": {"path":"C:\\Users\\Yorih0\\Desktop\\е\\L_Shop\\server\\src\\services\\productService.ts","statementMap":{"0":{"start":{"line":1,"column":0},"end":{"line":1,"column":19}},"1":{"start":{"line":2,"column":0},"end":{"line":2,"column":23}},"2":{"start":{"line":5,"column":22},"end":{"line":5,"column":65}},"3":{"start":{"line":9,"column":8},"end":{"line":9,"column":66}},"4":{"start":{"line":12,"column":23},"end":{"line":12,"column":44}},"5":{"start":{"line":14,"column":8},"end":{"line":16,"column":9}},"6":{"start":{"line":15,"column":12},"end":{"line":15,"column":null}},"7":{"start":{"line":15,"column":45},"end":{"line":15,"column":109}},"8":{"start":{"line":18,"column":8},"end":{"line":20,"column":9}},"9":{"start":{"line":19,"column":12},"end":{"line":19,"column":null}},"10":{"start":{"line":19,"column":45},"end":{"line":19,"column":67}},"11":{"start":{"line":22,"column":8},"end":{"line":37,"column":9}},"12":{"start":{"line":23,"column":12},"end":{"line":36,"column":13}},"13":{"start":{"line":25,"column":20},"end":{"line":25,"column":null}},"14":{"start":{"line":25,"column":48},"end":{"line":25,"column":69}},"15":{"start":{"line":26,"column":20},"end":{"line":26,"column":25}},"16":{"start":{"line":28,"column":20},"end":{"line":28,"column":null}},"17":{"start":{"line":28,"column":48},"end":{"line":28,"column":69}},"18":{"start":{"line":29,"column":20},"end":{"line":29,"column":25}},"19":{"start":{"line":31,"column":20},"end":{"line":31,"column":null}},"20":{"start":{"line":31,"column":48},"end":{"line":31,"column":80}},"21":{"start":{"line":32,"column":20},"end":{"line":32,"column":25}},"22":{"start":{"line":34,"column":20},"end":{"line":34,"column":null}},"23":{"start":{"line":34,"column":48},"end":{"line":34,"column":80}},"24":{"start":{"line":35,"column":20},"end":{"line":35,"column":25}},"25":{"start":{"line":39,"column":8},"end":{"line":39,"column":null}},"26":{"start":{"line":43,"column":23},"end":{"line":43,"column":44}},"27":{"start":{"line":45,"column":8},"end":{"line":45,"column":null}},"28":{"start":{"line":45,"column":38},"end":{"line":45,"column":55}},"29":{"start":{"line":49,"column":25},"end":{"line":49,"column":46}},"30":{"start":{"line":51,"column":23},"end":{"line":64,"column":10}},"31":{"start":{"line":52,"column":24},"end":{"line":52,"column":25}},"32":{"start":{"line":54,"column":12},"end":{"line":61,"column":13}},"33":{"start":{"line":55,"column":16},"end":{"line":60,"column":19}},"34":{"start":{"line":56,"column":36},"end":{"line":56,"column":69}},"35":{"start":{"line":56,"column":55},"end":{"line":56,"column":68}},"36":{"start":{"line":57,"column":20},"end":{"line":59,"column":21}},"37":{"start":{"line":58,"column":24},"end":{"line":58,"column":47}},"38":{"start":{"line":63,"column":12},"end":{"line":63,"column":38}},"39":{"start":{"line":66,"column":8},"end":{"line":69,"column":33}},"40":{"start":{"line":67,"column":25},"end":{"line":67,"column":36}},"41":{"start":{"line":68,"column":28},"end":{"line":68,"column":45}},"42":{"start":{"line":69,"column":22},"end":{"line":69,"column":31}},"43":{"start":{"line":72,"column":8},"end":{"line":72,"column":83}},"44":{"start":{"line":76,"column":25},"end":{"line":76,"column":46}},"45":{"start":{"line":78,"column":36},"end":{"line":81,"column":10}},"46":{"start":{"line":83,"column":8},"end":{"line":83,"column":34}},"47":{"start":{"line":84,"column":8},"end":{"line":84,"column":36}},"48":{"start":{"line":86,"column":8},"end":{"line":86,"column":26}},"49":{"start":{"line":90,"column":25},"end":{"line":90,"column":46}},"50":{"start":{"line":91,"column":22},"end":{"line":91,"column":58}},"51":{"start":{"line":91,"column":46},"end":{"line":91,"column":57}},"52":{"start":{"line":93,"column":8},"end":{"line":95,"column":9}},"53":{"start":{"line":94,"column":12},"end":{"line":94,"column":49}},"54":{"start":{"line":97,"column":8},"end":{"line":97,"column":58}},"55":{"start":{"line":98,"column":8},"end":{"line":98,"column":36}},"56":{"start":{"line":100,"column":8},"end":{"line":100,"column":31}},"57":{"start":{"line":104,"column":8},"end":{"line":106,"column":9}},"58":{"start":{"line":105,"column":12},"end":{"line":105,"column":50}},"59":{"start":{"line":108,"column":25},"end":{"line":108,"column":46}},"60":{"start":{"line":109,"column":22},"end":{"line":109,"column":58}},"61":{"start":{"line":109,"column":46},"end":{"line":109,"column":57}},"62":{"start":{"line":111,"column":8},"end":{"line":113,"column":9}},"63":{"start":{"line":112,"column":12},"end":{"line":112,"column":49}},"64":{"start":{"line":115,"column":26},"end":{"line":115,"column":51}},"65":{"start":{"line":116,"column":8},"end":{"line":116,"column":36}},"66":{"start":{"line":118,"column":8},"end":{"line":118,"column":23}},"67":{"start":{"line":7,"column":0},"end":{"line":7,"column":13}}},"fnMap":{"0":{"name":"(anonymous_1)","decl":{"start":{"line":8,"column":4},"end":{"line":8,"column":10}},"loc":{"start":{"line":8,"column":25},"end":{"line":10,"column":5}}},"1":{"name":"(anonymous_2)","decl":{"start":{"line":11,"column":4},"end":{"line":11,"column":10}},"loc":{"start":{"line":11,"column":76},"end":{"line":40,"column":5}}},"2":{"name":"(anonymous_3)","decl":{"start":{"line":15,"column":39},"end":{"line":15,"column":41}},"loc":{"start":{"line":15,"column":45},"end":{"line":15,"column":109}}},"3":{"name":"(anonymous_4)","decl":{"start":{"line":19,"column":39},"end":{"line":19,"column":41}},"loc":{"start":{"line":19,"column":45},"end":{"line":19,"column":67}}},"4":{"name":"(anonymous_5)","decl":{"start":{"line":25,"column":34},"end":{"line":25,"column":35}},"loc":{"start":{"line":25,"column":48},"end":{"line":25,"column":69}}},"5":{"name":"(anonymous_6)","decl":{"start":{"line":28,"column":34},"end":{"line":28,"column":35}},"loc":{"start":{"line":28,"column":48},"end":{"line":28,"column":69}}},"6":{"name":"(anonymous_7)","decl":{"start":{"line":31,"column":34},"end":{"line":31,"column":35}},"loc":{"start":{"line":31,"column":48},"end":{"line":31,"column":80}}},"7":{"name":"(anonymous_8)","decl":{"start":{"line":34,"column":34},"end":{"line":34,"column":35}},"loc":{"start":{"line":34,"column":48},"end":{"line":34,"column":80}}},"8":{"name":"(anonymous_9)","decl":{"start":{"line":42,"column":4},"end":{"line":42,"column":10}},"loc":{"start":{"line":42,"column":37},"end":{"line":46,"column":5}}},"9":{"name":"(anonymous_10)","decl":{"start":{"line":45,"column":31},"end":{"line":45,"column":32}},"loc":{"start":{"line":45,"column":38},"end":{"line":45,"column":55}}},"10":{"name":"(anonymous_11)","decl":{"start":{"line":48,"column":4},"end":{"line":48,"column":10}},"loc":{"start":{"line":48,"column":76},"end":{"line":70,"column":5}}},"11":{"name":"(anonymous_12)","decl":{"start":{"line":51,"column":36},"end":{"line":51,"column":43}},"loc":{"start":{"line":51,"column":46},"end":{"line":64,"column":9}}},"12":{"name":"(anonymous_13)","decl":{"start":{"line":55,"column":37},"end":{"line":55,"column":40}},"loc":{"start":{"line":55,"column":43},"end":{"line":60,"column":17}}},"13":{"name":"(anonymous_14)","decl":{"start":{"line":56,"column":50},"end":{"line":56,"column":51}},"loc":{"start":{"line":56,"column":55},"end":{"line":56,"column":68}}},"14":{"name":"(anonymous_15)","decl":{"start":{"line":67,"column":20},"end":{"line":67,"column":21}},"loc":{"start":{"line":67,"column":25},"end":{"line":67,"column":36}}},"15":{"name":"(anonymous_16)","decl":{"start":{"line":68,"column":18},"end":{"line":68,"column":19}},"loc":{"start":{"line":68,"column":28},"end":{"line":68,"column":45}}},"16":{"name":"(anonymous_17)","decl":{"start":{"line":69,"column":17},"end":{"line":69,"column":18}},"loc":{"start":{"line":69,"column":22},"end":{"line":69,"column":31}}},"17":{"name":"(anonymous_18)","decl":{"start":{"line":71,"column":4},"end":{"line":71,"column":10}},"loc":{"start":{"line":71,"column":43},"end":{"line":73,"column":5}}},"18":{"name":"(anonymous_19)","decl":{"start":{"line":75,"column":4},"end":{"line":75,"column":10}},"loc":{"start":{"line":75,"column":50},"end":{"line":87,"column":5}}},"19":{"name":"(anonymous_20)","decl":{"start":{"line":89,"column":4},"end":{"line":89,"column":10}},"loc":{"start":{"line":89,"column":57},"end":{"line":101,"column":5}}},"20":{"name":"(anonymous_21)","decl":{"start":{"line":91,"column":41},"end":{"line":91,"column":42}},"loc":{"start":{"line":91,"column":46},"end":{"line":91,"column":57}}},"21":{"name":"(anonymous_22)","decl":{"start":{"line":103,"column":4},"end":{"line":103,"column":10}},"loc":{"start":{"line":103,"column":35},"end":{"line":119,"column":5}}},"22":{"name":"(anonymous_23)","decl":{"start":{"line":109,"column":41},"end":{"line":109,"column":42}},"loc":{"start":{"line":109,"column":46},"end":{"line":109,"column":57}}}},"branchMap":{"0":{"loc":{"start":{"line":14,"column":8},"end":{"line":16,"column":9}},"type":"if","locations":[{"start":{"line":14,"column":8},"end":{"line":16,"column":9}}]},"1":{"loc":{"start":{"line":18,"column":8},"end":{"line":20,"column":9}},"type":"if","locations":[{"start":{"line":18,"column":8},"end":{"line":20,"column":9}}]},"2":{"loc":{"start":{"line":22,"column":8},"end":{"line":37,"column":9}},"type":"if","locations":[{"start":{"line":22,"column":8},"end":{"line":37,"column":9}}]},"3":{"loc":{"start":{"line":23,"column":12},"end":{"line":36,"column":13}},"type":"switch","locations":[{"start":{"line":24,"column":16},"end":{"line":26,"column":25}},{"start":{"line":27,"column":16},"end":{"line":29,"column":25}},{"start":{"line":30,"column":16},"end":{"line":32,"column":25}},{"start":{"line":33,"column":16},"end":{"line":35,"column":25}}]},"4":{"loc":{"start":{"line":54,"column":12},"end":{"line":61,"column":13}},"type":"if","locations":[{"start":{"line":54,"column":12},"end":{"line":61,"column":13}}]},"5":{"loc":{"start":{"line":57,"column":20},"end":{"line":59,"column":21}},"type":"if","locations":[{"start":{"line":57,"column":20},"end":{"line":59,"column":21}}]},"6":{"loc":{"start":{"line":79,"column":16},"end":{"line":79,"column":78}},"type":"cond-expr","locations":[{"start":{"line":79,"column":38},"end":{"line":79,"column":74}},{"start":{"line":79,"column":77},"end":{"line":79,"column":78}}]},"7":{"loc":{"start":{"line":93,"column":8},"end":{"line":95,"column":9}},"type":"if","locations":[{"start":{"line":93,"column":8},"end":{"line":95,"column":9}}]},"8":{"loc":{"start":{"line":104,"column":8},"end":{"line":106,"column":9}},"type":"if","locations":[{"start":{"line":104,"column":8},"end":{"line":106,"column":9}}]},"9":{"loc":{"start":{"line":111,"column":8},"end":{"line":113,"column":9}},"type":"if","locations":[{"start":{"line":111,"column":8},"end":{"line":113,"column":9}}]}},"s":{"0":3,"1":3,"2":3,"3":4,"4":4,"5":4,"6":1,"7":2,"8":4,"9":1,"10":2,"11":4,"12":1,"13":1,"14":1,"15":1,"16":0,"17":0,"18":0,"19":0,"20":0,"21":0,"22":0,"23":0,"24":0,"25":4,"26":0,"27":0,"28":0,"29":0,"30":0,"31":0,"32":0,"33":0,"34":0,"35":0,"36":0,"37":0,"38":0,"39":0,"40":0,"41":0,"42":0,"43":0,"44":0,"45":0,"46":0,"47":0,"48":0,"49":0,"50":0,"51":0,"52":0,"53":0,"54":0,"55":0,"56":0,"57":0,"58":0,"59":0,"60":0,"61":0,"62":0,"63":0,"64":0,"65":0,"66":0,"67":3},"f":{"0":4,"1":4,"2":2,"3":2,"4":1,"5":0,"6":0,"7":0,"8":0,"9":0,"10":0,"11":0,"12":0,"13":0,"14":0,"15":0,"16":0,"17":0,"18":0,"19":0,"20":0,"21":0,"22":0},"b":{"0":[1],"1":[1],"2":[1],"3":[1,0,0,0],"4":[0],"5":[0],"6":[0,0],"7":[0],"8":[0],"9":[0]}}
,"C:\\Users\\Yorih0\\Desktop\\е\\L_Shop\\server\\src\\services\\userService.ts": {"path":"C:\\Users\\Yorih0\\Desktop\\е\\L_Shop\\server\\src\\services\\userService.ts","statementMap":{"0":{"start":{"line":1,"column":0},"end":{"line":1,"column":29}},"1":{"start":{"line":2,"column":0},"end":{"line":2,"column":24}},"2":{"start":{"line":6,"column":16},"end":{"line":6,"column":56}},"3":{"start":{"line":12,"column":22},"end":{"line":19,"column":1}},"4":{"start":{"line":13,"column":4},"end":{"line":18,"column":5}},"5":{"start":{"line":14,"column":21},"end":{"line":14,"column":56}},"6":{"start":{"line":15,"column":8},"end":{"line":15,"column":32}},"7":{"start":{"line":17,"column":8},"end":{"line":17,"column":29}},"8":{"start":{"line":12,"column":13},"end":{"line":12,"column":22}},"9":{"start":{"line":21,"column":23},"end":{"line":23,"column":1}},"10":{"start":{"line":22,"column":4},"end":{"line":22,"column":63}},"11":{"start":{"line":21,"column":13},"end":{"line":21,"column":23}},"12":{"start":{"line":25,"column":31},"end":{"line":28,"column":1}},"13":{"start":{"line":26,"column":15},"end":{"line":26,"column":29}},"14":{"start":{"line":27,"column":4},"end":{"line":27,"column":55}},"15":{"start":{"line":27,"column":33},"end":{"line":27,"column":53}},"16":{"start":{"line":25,"column":13},"end":{"line":25,"column":31}},"17":{"start":{"line":30,"column":26},"end":{"line":47,"column":1}},"18":{"start":{"line":31,"column":15},"end":{"line":31,"column":29}},"19":{"start":{"line":33,"column":27},"end":{"line":33,"column":44}},"20":{"start":{"line":35,"column":26},"end":{"line":41,"column":6}},"21":{"start":{"line":43,"column":4},"end":{"line":43,"column":27}},"22":{"start":{"line":44,"column":4},"end":{"line":44,"column":22}},"23":{"start":{"line":46,"column":4},"end":{"line":46,"column":19}},"24":{"start":{"line":30,"column":13},"end":{"line":30,"column":26}},"25":{"start":{"line":49,"column":28},"end":{"line":57,"column":1}},"26":{"start":{"line":50,"column":17},"end":{"line":50,"column":45}},"27":{"start":{"line":52,"column":4},"end":{"line":52,"column":27}},"28":{"start":{"line":52,"column":15},"end":{"line":52,"column":27}},"29":{"start":{"line":54,"column":20},"end":{"line":54,"column":46}},"30":{"start":{"line":56,"column":4},"end":{"line":56,"column":33}},"31":{"start":{"line":49,"column":13},"end":{"line":49,"column":28}},"32":{"start":{"line":59,"column":32},"end":{"line":70,"column":1}},"33":{"start":{"line":60,"column":15},"end":{"line":60,"column":29}},"34":{"start":{"line":62,"column":22},"end":{"line":62,"column":58}},"35":{"start":{"line":62,"column":46},"end":{"line":62,"column":57}},"36":{"start":{"line":63,"column":4},"end":{"line":63,"column":38}},"37":{"start":{"line":63,"column":26},"end":{"line":63,"column":38}},"38":{"start":{"line":65,"column":4},"end":{"line":65,"column":36}},"39":{"start":{"line":67,"column":4},"end":{"line":67,"column":22}},"40":{"start":{"line":69,"column":4},"end":{"line":69,"column":31}},"41":{"start":{"line":59,"column":13},"end":{"line":59,"column":32}},"42":{"start":{"line":72,"column":27},"end":{"line":78,"column":1}},"43":{"start":{"line":73,"column":15},"end":{"line":73,"column":29}},"44":{"start":{"line":75,"column":17},"end":{"line":75,"column":48}},"45":{"start":{"line":75,"column":36},"end":{"line":75,"column":47}},"46":{"start":{"line":77,"column":4},"end":{"line":77,"column":24}},"47":{"start":{"line":72,"column":13},"end":{"line":72,"column":27}}},"fnMap":{"0":{"name":"(anonymous_1)","decl":{"start":{"line":12,"column":22},"end":{"line":12,"column":27}},"loc":{"start":{"line":12,"column":52},"end":{"line":19,"column":1}}},"1":{"name":"(anonymous_2)","decl":{"start":{"line":21,"column":23},"end":{"line":21,"column":28}},"loc":{"start":{"line":21,"column":63},"end":{"line":23,"column":1}}},"2":{"name":"(anonymous_3)","decl":{"start":{"line":25,"column":31},"end":{"line":25,"column":36}},"loc":{"start":{"line":25,"column":82},"end":{"line":28,"column":1}}},"3":{"name":"(anonymous_4)","decl":{"start":{"line":27,"column":25},"end":{"line":27,"column":29}},"loc":{"start":{"line":27,"column":33},"end":{"line":27,"column":53}}},"4":{"name":"(anonymous_5)","decl":{"start":{"line":30,"column":26},"end":{"line":30,"column":31}},"loc":{"start":{"line":30,"column":77},"end":{"line":47,"column":1}}},"5":{"name":"(anonymous_6)","decl":{"start":{"line":49,"column":28},"end":{"line":49,"column":33}},"loc":{"start":{"line":49,"column":92},"end":{"line":57,"column":1}}},"6":{"name":"(anonymous_7)","decl":{"start":{"line":59,"column":32},"end":{"line":59,"column":37}},"loc":{"start":{"line":59,"column":110},"end":{"line":70,"column":1}}},"7":{"name":"(anonymous_8)","decl":{"start":{"line":62,"column":41},"end":{"line":62,"column":42}},"loc":{"start":{"line":62,"column":46},"end":{"line":62,"column":57}}},"8":{"name":"(anonymous_9)","decl":{"start":{"line":72,"column":27},"end":{"line":72,"column":32}},"loc":{"start":{"line":72,"column":70},"end":{"line":78,"column":1}}},"9":{"name":"(anonymous_10)","decl":{"start":{"line":75,"column":31},"end":{"line":75,"column":32}},"loc":{"start":{"line":75,"column":36},"end":{"line":75,"column":47}}}},"branchMap":{"0":{"loc":{"start":{"line":52,"column":4},"end":{"line":52,"column":27}},"type":"if","locations":[{"start":{"line":52,"column":4},"end":{"line":52,"column":27}}]},"1":{"loc":{"start":{"line":56,"column":11},"end":{"line":56,"column":32}},"type":"cond-expr","locations":[{"start":{"line":56,"column":21},"end":{"line":56,"column":25}},{"start":{"line":56,"column":28},"end":{"line":56,"column":32}}]},"2":{"loc":{"start":{"line":63,"column":4},"end":{"line":63,"column":38}},"type":"if","locations":[{"start":{"line":63,"column":4},"end":{"line":63,"column":38}}]},"3":{"loc":{"start":{"line":77,"column":11},"end":{"line":77,"column":23}},"type":"binary-expr","locations":[{"start":{"line":77,"column":11},"end":{"line":77,"column":15}},{"start":{"line":77,"column":19},"end":{"line":77,"column":23}}]}},"s":{"0":4,"1":4,"2":4,"3":4,"4":12,"5":12,"6":12,"7":0,"8":4,"9":4,"10":3,"11":4,"12":4,"13":9,"14":9,"15":11,"16":4,"17":4,"18":3,"19":3,"20":3,"21":3,"22":3,"23":3,"24":4,"25":4,"26":5,"27":5,"28":0,"29":5,"30":5,"31":4,"32":4,"33":0,"34":0,"35":0,"36":0,"37":0,"38":0,"39":0,"40":0,"41":4,"42":4,"43":0,"44":0,"45":0,"46":0,"47":4},"f":{"0":12,"1":3,"2":9,"3":11,"4":3,"5":5,"6":0,"7":0,"8":0,"9":0},"b":{"0":[0],"1":[3,2],"2":[0],"3":[0,0]}}
}
