TN:
SF:server\src\app.ts
FNF:0
FNH:0
DA:1,3
DA:2,3
DA:3,3
DA:4,3
DA:5,3
DA:6,3
DA:8,3
DA:9,3
DA:10,3
DA:12,3
DA:17,3
DA:18,3
DA:19,3
DA:21,3
LF:14
LH:14
BRF:0
BRH:0
end_of_record
TN:
SF:server\src\__tests__\test-utils.ts
FN:7,(anonymous_1)
FN:30,(anonymous_2)
FNF:2
FNH:2
FNDA:30,(anonymous_1)
FNDA:5,(anonymous_2)
DA:1,6
DA:2,6
DA:4,6
DA:5,6
DA:7,6
DA:9,30
DA:11,30
DA:17,30
DA:18,90
DA:19,90
DA:20,90
DA:21,90
DA:24,0
DA:25,0
DA:30,6
DA:31,5
DA:32,5
DA:33,5
LF:18
LH:16
BRDA:9,0,0,0
BRDA:20,1,0,90
BRDA:20,1,1,0
BRDA:24,2,0,0
BRDA:24,2,1,0
BRDA:32,3,0,0
BRF:6
BRH:1
end_of_record
TN:
SF:server\src\controllers\basketController.ts
FN:5,(anonymous_0)
FN:15,(anonymous_1)
FNF:2
FNH:2
FNDA:2,(anonymous_0)
FNDA:1,(anonymous_1)
DA:2,3
DA:4,3
DA:6,2
DA:7,2
DA:8,2
DA:9,2
DA:11,0
DA:16,1
DA:17,1
DA:18,1
DA:19,1
DA:20,1
DA:22,0
LF:13
LH:11
BRF:0
BRH:0
end_of_record
TN:
SF:server\src\controllers\productController.ts
FN:4,(anonymous_0)
FN:21,(anonymous_1)
FNF:2
FNH:1
FNDA:4,(anonymous_0)
FNDA:0,(anonymous_1)
DA:2,3
DA:4,3
DA:5,4
DA:6,4
DA:8,4
DA:14,4
DA:16,0
DA:17,0
DA:21,3
DA:22,0
DA:23,0
DA:25,0
DA:29,0
DA:30,0
LF:14
LH:7
BRF:0
BRH:0
end_of_record
TN:
SF:server\src\controllers\userController.ts
FN:7,(anonymous_1)
FN:58,(anonymous_2)
FN:98,(anonymous_3)
FNF:3
FNH:3
FNDA:5,(anonymous_1)
FNDA:4,(anonymous_2)
FNDA:2,(anonymous_3)
DA:2,3
DA:4,3
DA:7,3
DA:8,5
DA:9,5
DA:11,5
DA:12,1
DA:13,1
DA:15,4
DA:16,1
DA:17,1
DA:19,3
DA:20,0
DA:21,0
DA:23,3
DA:24,3
DA:25,1
DA:26,1
DA:28,2
DA:29,2
DA:30,1
DA:31,1
DA:34,1
DA:36,1
DA:42,1
DA:49,1
DA:53,0
DA:54,0
DA:58,3
DA:59,4
DA:60,4
DA:62,4
DA:63,1
DA:64,1
DA:67,3
DA:69,3
DA:70,1
DA:71,1
DA:74,2
DA:80,2
DA:86,2
DA:88,0
DA:89,0
DA:98,3
DA:99,2
DA:101,2
DA:102,1
DA:103,1
DA:106,1
DA:107,1
DA:109,1
DA:114,0
LF:52
LH:45
BRDA:11,0,0,1
BRDA:11,1,0,5
BRDA:11,1,1,5
BRDA:11,1,2,4
BRDA:11,1,3,4
BRDA:15,2,0,1
BRDA:19,3,0,0
BRDA:24,4,0,1
BRDA:29,5,0,1
BRDA:62,6,0,1
BRDA:62,7,0,4
BRDA:62,7,1,3
BRDA:69,8,0,1
BRDA:101,9,0,1
BRF:14
BRH:13
end_of_record
TN:
SF:server\src\routes\basketRoutes.ts
FNF:0
FNH:0
DA:1,3
DA:2,3
DA:4,3
DA:6,3
DA:7,3
DA:9,3
LF:6
LH:6
BRF:0
BRH:0
end_of_record
TN:
SF:server\src\routes\productRoutes.ts
FNF:0
FNH:0
DA:1,3
DA:2,3
DA:4,3
DA:6,3
DA:7,3
DA:9,3
LF:6
LH:6
BRF:0
BRH:0
end_of_record
TN:
SF:server\src\routes\userRoutes.ts
FNF:0
FNH:0
DA:1,3
DA:2,3
DA:4,3
DA:6,3
DA:7,3
DA:8,3
DA:10,3
LF:7
LH:7
BRF:0
BRH:0
end_of_record
TN:
SF:server\src\services\basketService.ts
FN:14,(anonymous_1)
FN:29,(anonymous_2)
FN:39,(anonymous_3)
FN:41,(anonymous_4)
FN:45,(anonymous_5)
FN:47,(anonymous_6)
FNF:6
FNH:6
FNDA:6,(anonymous_1)
FNDA:2,(anonymous_2)
FNDA:4,(anonymous_3)
FNDA:4,(anonymous_4)
FNDA:2,(anonymous_5)
FNDA:2,(anonymous_6)
DA:2,4
DA:3,4
DA:6,4
DA:7,4
DA:10,4
DA:11,0
DA:14,4
DA:15,6
DA:17,0
DA:18,0
DA:20,6
DA:21,6
DA:22,6
DA:24,0
DA:25,0
DA:29,4
DA:30,2
DA:31,2
DA:33,0
DA:34,0
DA:38,4
DA:40,4
DA:41,4
DA:42,4
DA:46,2
DA:47,2
DA:49,2
DA:50,2
DA:51,2
DA:53,0
DA:56,2
DA:57,2
LF:32
LH:24
BRDA:10,0,0,0
BRDA:15,1,0,0
BRDA:42,2,0,2
BRDA:42,2,1,2
BRDA:49,3,0,2
BRDA:49,3,1,0
BRF:6
BRH:3
end_of_record
TN:
SF:server\src\services\productService.ts
FN:8,(anonymous_1)
FN:11,(anonymous_2)
FN:15,(anonymous_3)
FN:19,(anonymous_4)
FN:25,(anonymous_5)
FN:28,(anonymous_6)
FN:31,(anonymous_7)
FN:34,(anonymous_8)
FN:41,(anonymous_9)
FN:44,(anonymous_10)
FNF:10
FNH:7
FNDA:10,(anonymous_1)
FNDA:7,(anonymous_2)
FNDA:4,(anonymous_3)
FNDA:4,(anonymous_4)
FNDA:2,(anonymous_5)
FNDA:0,(anonymous_6)
FNDA:0,(anonymous_7)
FNDA:0,(anonymous_8)
FNDA:1,(anonymous_9)
FNDA:2,(anonymous_10)
DA:1,4
DA:2,4
DA:5,4
DA:7,4
DA:9,10
DA:12,7
DA:14,7
DA:15,4
DA:18,7
DA:19,4
DA:22,7
DA:23,2
DA:25,2
DA:26,2
DA:28,0
DA:29,0
DA:31,0
DA:32,0
DA:34,0
DA:35,0
DA:39,7
DA:42,1
DA:44,2
LF:23
LH:17
BRDA:14,0,0,2
BRDA:18,1,0,2
BRDA:22,2,0,2
BRDA:23,3,0,2
BRDA:23,3,1,0
BRDA:23,3,2,0
BRDA:23,3,3,0
BRF:7
BRH:4
end_of_record
TN:
SF:server\src\services\userService.ts
FN:11,(anonymous_1)
FN:20,(anonymous_2)
FN:24,(anonymous_3)
FN:26,(anonymous_4)
FN:29,(anonymous_5)
FN:48,(anonymous_6)
FNF:6
FNH:6
FNDA:12,(anonymous_1)
FNDA:3,(anonymous_2)
FNDA:9,(anonymous_3)
FNDA:11,(anonymous_4)
FNDA:3,(anonymous_5)
FNDA:5,(anonymous_6)
DA:1,4
DA:2,4
DA:5,4
DA:11,4
DA:12,12
DA:13,12
DA:14,12
DA:16,0
DA:20,4
DA:21,3
DA:24,4
DA:25,9
DA:26,11
DA:29,4
DA:30,3
DA:32,3
DA:34,3
DA:42,3
DA:43,3
DA:45,3
DA:48,4
DA:49,5
DA:51,5
DA:53,5
DA:55,5
LF:25
LH:24
BRDA:51,0,0,0
BRDA:55,1,0,3
BRDA:55,1,1,2
BRF:3
BRH:2
end_of_record
