TN:
SF:server\src\app.ts
FNF:0
FNH:0
DA:1,3
DA:2,3
DA:3,3
DA:4,3
DA:5,3
DA:6,3
DA:8,3
DA:9,3
DA:10,3
DA:12,3
DA:17,3
DA:18,3
DA:19,3
DA:21,3
LF:14
LH:14
BRF:0
BRH:0
end_of_record
TN:
SF:server\src\__tests__\test-utils.ts
FN:7,(anonymous_1)
FN:30,(anonymous_2)
FNF:2
FNH:2
FNDA:25,(anonymous_1)
FNDA:5,(anonymous_2)
DA:1,5
DA:2,5
DA:4,5
DA:5,5
DA:7,5
DA:9,25
DA:11,25
DA:17,25
DA:18,75
DA:19,75
DA:20,75
DA:21,75
DA:24,0
DA:25,0
DA:30,5
DA:31,5
DA:32,5
DA:33,5
LF:18
LH:16
BRDA:9,0,0,0
BRDA:20,1,0,75
BRDA:20,1,1,0
BRDA:24,2,0,0
BRDA:24,2,1,0
BRDA:32,3,0,0
BRF:6
BRH:1
end_of_record
TN:
SF:server\src\controllers\basketController.ts
FN:5,(anonymous_0)
FN:15,(anonymous_1)
FNF:2
FNH:2
FNDA:2,(anonymous_0)
FNDA:1,(anonymous_1)
DA:2,3
DA:4,3
DA:6,2
DA:7,2
DA:8,2
DA:9,2
DA:11,0
DA:16,1
DA:17,1
DA:18,1
DA:19,1
DA:20,1
DA:22,0
LF:13
LH:11
BRF:0
BRH:0
end_of_record
TN:
SF:server\src\controllers\productController.ts
FN:5,(anonymous_0)
FN:22,(anonymous_1)
FN:38,(anonymous_2)
FN:51,(anonymous_3)
FN:73,(anonymous_4)
FN:89,(anonymous_5)
FNF:6
FNH:1
FNDA:4,(anonymous_0)
FNDA:0,(anonymous_1)
FNDA:0,(anonymous_2)
FNDA:0,(anonymous_3)
FNDA:0,(anonymous_4)
FNDA:0,(anonymous_5)
DA:2,3
DA:5,3
DA:6,4
DA:7,4
DA:9,4
DA:15,4
DA:17,0
DA:18,0
DA:22,3
DA:23,0
DA:24,0
DA:26,0
DA:30,0
DA:33,0
DA:34,0
DA:38,3
DA:39,0
DA:40,0
DA:42,0
DA:44,0
DA:46,0
DA:47,0
DA:51,3
DA:52,0
DA:53,0
DA:55,0
DA:64,0
DA:67,0
DA:68,0
DA:73,3
DA:74,0
DA:75,0
DA:76,0
DA:78,0
DA:80,0
DA:83,0
DA:84,0
DA:89,3
DA:90,0
DA:91,0
DA:93,0
DA:95,0
DA:98,0
DA:99,0
LF:44
LH:11
BRF:0
BRH:0
end_of_record
TN:
SF:server\src\controllers\userController.ts
FN:7,(anonymous_1)
FN:63,(anonymous_2)
FN:103,(anonymous_3)
FN:125,(anonymous_4)
FN:136,(anonymous_5)
FN:146,(anonymous_6)
FNF:6
FNH:3
FNDA:5,(anonymous_1)
FNDA:4,(anonymous_2)
FNDA:2,(anonymous_3)
FNDA:0,(anonymous_4)
FNDA:0,(anonymous_5)
FNDA:0,(anonymous_6)
DA:2,3
DA:4,3
DA:7,3
DA:8,5
DA:9,5
DA:11,5
DA:12,1
DA:13,1
DA:15,4
DA:16,1
DA:17,1
DA:19,3
DA:20,0
DA:21,0
DA:23,3
DA:24,3
DA:25,1
DA:26,1
DA:28,2
DA:29,2
DA:30,1
DA:31,1
DA:34,1
DA:36,1
DA:47,1
DA:54,1
DA:58,0
DA:59,0
DA:63,3
DA:64,4
DA:65,4
DA:67,4
DA:68,1
DA:69,1
DA:72,3
DA:74,3
DA:75,1
DA:76,1
DA:79,2
DA:90,2
DA:96,2
DA:98,0
DA:99,0
DA:103,3
DA:104,2
DA:106,2
DA:107,1
DA:108,1
DA:111,1
DA:112,1
DA:114,1
DA:121,0
DA:125,3
DA:126,0
DA:133,0
DA:136,3
DA:137,0
DA:138,0
DA:139,0
DA:141,0
DA:142,0
DA:146,3
DA:147,0
DA:148,0
DA:149,0
DA:150,0
DA:151,0
DA:153,0
DA:155,0
DA:156,0
DA:157,0
DA:160,0
DA:162,0
DA:163,0
LF:74
LH:48
BRDA:11,0,0,1
BRDA:11,1,0,5
BRDA:11,1,1,5
BRDA:11,1,2,4
BRDA:11,1,3,4
BRDA:15,2,0,1
BRDA:19,3,0,0
BRDA:24,4,0,1
BRDA:29,5,0,1
BRDA:67,6,0,1
BRDA:67,7,0,4
BRDA:67,7,1,3
BRDA:74,8,0,1
BRDA:106,9,0,1
BRDA:150,10,0,0
BRDA:155,11,0,0
BRF:16
BRH:13
end_of_record
TN:
SF:server\src\routes\basketRoutes.ts
FNF:0
FNH:0
DA:1,3
DA:2,3
DA:4,3
DA:6,3
DA:7,3
DA:9,3
LF:6
LH:6
BRF:0
BRH:0
end_of_record
TN:
SF:server\src\routes\productRoutes.ts
FNF:0
FNH:0
DA:1,3
DA:2,3
DA:4,3
DA:6,3
DA:7,3
DA:9,3
DA:10,3
DA:13,3
DA:15,3
DA:17,3
LF:10
LH:10
BRF:0
BRH:0
end_of_record
TN:
SF:server\src\routes\userRoutes.ts
FNF:0
FNH:0
DA:1,3
DA:2,3
DA:4,3
DA:6,3
DA:8,3
DA:9,3
DA:10,3
DA:11,3
DA:13,3
DA:15,3
LF:10
LH:10
BRF:0
BRH:0
end_of_record
TN:
SF:server\src\services\basketService.ts
FN:12,(anonymous_1)
FN:26,(anonymous_2)
FN:36,(anonymous_3)
FN:38,(anonymous_4)
FN:42,(anonymous_5)
FN:44,(anonymous_6)
FNF:6
FNH:6
FNDA:6,(anonymous_1)
FNDA:2,(anonymous_2)
FNDA:4,(anonymous_3)
FNDA:4,(anonymous_4)
FNDA:2,(anonymous_5)
FNDA:2,(anonymous_6)
DA:2,4
DA:3,4
DA:5,4
DA:6,4
DA:8,4
DA:9,0
DA:12,4
DA:13,6
DA:14,0
DA:15,0
DA:17,6
DA:18,6
DA:19,6
DA:21,0
DA:22,0
DA:26,4
DA:27,2
DA:28,2
DA:30,0
DA:31,0
DA:35,4
DA:37,4
DA:38,4
DA:39,4
DA:43,2
DA:44,2
DA:46,2
DA:47,2
DA:48,2
DA:50,0
DA:53,2
DA:54,2
LF:32
LH:24
BRDA:8,0,0,0
BRDA:13,1,0,0
BRDA:39,2,0,2
BRDA:39,2,1,2
BRDA:46,3,0,2
BRDA:46,3,1,0
BRF:6
BRH:3
end_of_record
TN:
SF:server\src\services\productService.ts
FN:8,(anonymous_1)
FN:11,(anonymous_2)
FN:15,(anonymous_3)
FN:19,(anonymous_4)
FN:25,(anonymous_5)
FN:28,(anonymous_6)
FN:31,(anonymous_7)
FN:34,(anonymous_8)
FN:42,(anonymous_9)
FN:45,(anonymous_10)
FN:48,(anonymous_11)
FN:51,(anonymous_12)
FN:55,(anonymous_13)
FN:56,(anonymous_14)
FN:67,(anonymous_15)
FN:68,(anonymous_16)
FN:69,(anonymous_17)
FN:71,(anonymous_18)
FN:75,(anonymous_19)
FN:89,(anonymous_20)
FN:91,(anonymous_21)
FN:103,(anonymous_22)
FN:109,(anonymous_23)
FNF:23
FNH:5
FNDA:4,(anonymous_1)
FNDA:4,(anonymous_2)
FNDA:2,(anonymous_3)
FNDA:2,(anonymous_4)
FNDA:1,(anonymous_5)
FNDA:0,(anonymous_6)
FNDA:0,(anonymous_7)
FNDA:0,(anonymous_8)
FNDA:0,(anonymous_9)
FNDA:0,(anonymous_10)
FNDA:0,(anonymous_11)
FNDA:0,(anonymous_12)
FNDA:0,(anonymous_13)
FNDA:0,(anonymous_14)
FNDA:0,(anonymous_15)
FNDA:0,(anonymous_16)
FNDA:0,(anonymous_17)
FNDA:0,(anonymous_18)
FNDA:0,(anonymous_19)
FNDA:0,(anonymous_20)
FNDA:0,(anonymous_21)
FNDA:0,(anonymous_22)
FNDA:0,(anonymous_23)
DA:1,3
DA:2,3
DA:5,3
DA:7,3
DA:9,4
DA:12,4
DA:14,4
DA:15,2
DA:18,4
DA:19,2
DA:22,4
DA:23,1
DA:25,1
DA:26,1
DA:28,0
DA:29,0
DA:31,0
DA:32,0
DA:34,0
DA:35,0
DA:39,4
DA:43,0
DA:45,0
DA:49,0
DA:51,0
DA:52,0
DA:54,0
DA:55,0
DA:56,0
DA:57,0
DA:58,0
DA:63,0
DA:66,0
DA:67,0
DA:68,0
DA:69,0
DA:72,0
DA:76,0
DA:78,0
DA:83,0
DA:84,0
DA:86,0
DA:90,0
DA:91,0
DA:93,0
DA:94,0
DA:97,0
DA:98,0
DA:100,0
DA:104,0
DA:105,0
DA:108,0
DA:109,0
DA:111,0
DA:112,0
DA:115,0
DA:116,0
DA:118,0
LF:58
LH:15
BRDA:14,0,0,1
BRDA:18,1,0,1
BRDA:22,2,0,1
BRDA:23,3,0,1
BRDA:23,3,1,0
BRDA:23,3,2,0
BRDA:23,3,3,0
BRDA:54,4,0,0
BRDA:57,5,0,0
BRDA:79,6,0,0
BRDA:79,6,1,0
BRDA:93,7,0,0
BRDA:104,8,0,0
BRDA:111,9,0,0
BRF:14
BRH:4
end_of_record
TN:
SF:server\src\services\userService.ts
FN:12,(anonymous_1)
FN:21,(anonymous_2)
FN:25,(anonymous_3)
FN:27,(anonymous_4)
FN:30,(anonymous_5)
FN:49,(anonymous_6)
FN:59,(anonymous_7)
FN:62,(anonymous_8)
FN:72,(anonymous_9)
FN:75,(anonymous_10)
FNF:10
FNH:6
FNDA:12,(anonymous_1)
FNDA:3,(anonymous_2)
FNDA:9,(anonymous_3)
FNDA:11,(anonymous_4)
FNDA:3,(anonymous_5)
FNDA:5,(anonymous_6)
FNDA:0,(anonymous_7)
FNDA:0,(anonymous_8)
FNDA:0,(anonymous_9)
FNDA:0,(anonymous_10)
DA:1,4
DA:2,4
DA:6,4
DA:12,4
DA:13,12
DA:14,12
DA:15,12
DA:17,0
DA:21,4
DA:22,3
DA:25,4
DA:26,9
DA:27,11
DA:30,4
DA:31,3
DA:33,3
DA:35,3
DA:43,3
DA:44,3
DA:46,3
DA:49,4
DA:50,5
DA:52,5
DA:54,5
DA:56,5
DA:59,4
DA:60,0
DA:62,0
DA:63,0
DA:65,0
DA:67,0
DA:69,0
DA:72,4
DA:73,0
DA:75,0
DA:77,0
LF:36
LH:26
BRDA:52,0,0,0
BRDA:56,1,0,3
BRDA:56,1,1,2
BRDA:63,2,0,0
BRDA:77,3,0,0
BRDA:77,3,1,0
BRF:6
BRH:2
end_of_record
